<?xml version="1.0" encoding="UTF-8"?>
<testng-results skipped="0" failed="0" total="1" passed="1">
  <reporter-output>
  </reporter-output>
  <suite name="Default suite" duration-ms="9792" started-at="2017-09-07T03:36:07Z" finished-at="2017-09-07T03:36:17Z">
    <groups>
    </groups>
    <test name="Default test" duration-ms="9792" started-at="2017-09-07T03:36:07Z" finished-at="2017-09-07T03:36:17Z">
      <class name="com.serviceTest.LoginTest">
        <test-method status="PASS" signature="loginTest()[pri:0, instance:com.serviceTest.LoginTest@4de8b406]" name="loginTest" duration-ms="9780" started-at="2017-09-07T09:06:07Z" finished-at="2017-09-07T09:06:17Z">
          <reporter-output>
          </reporter-output>
        </test-method> <!-- loginTest -->
      </class> <!-- com.serviceTest.LoginTest -->
    </test> <!-- Default test -->
  </suite> <!-- Default suite -->
</testng-results>
